Level: Warn
Message: HTML Imports is deprecated and will be removed in M73, around March 2019. Please use ES modules instead. See https://www.chromestatus.com/features/5144752345317376 for more details.
Source: 
Line: 0
-----------------------
Level: Error
Message: Refused to display 'https://accounts.google.com/ServiceLogin?service=youtube&uilel=3&hl=en&continue=https%3A%2F%2Fwww.youtube.com%2Fsignin%3Fapp%3Ddesktop%26action_handle_signin%3Dtrue%26hl%3Den%26next%3D%252Fsignin_passive%26feature%3Dpassive&passive=true' in a frame because it set 'X-Frame-Options' to 'deny'.
Source: https://www.youtube.com/
Line: 0
-----------------------
Level: Warn
Message: document.registerElement is deprecated and will be removed in M73, around March 2019. Please use window.customElements.define instead. See https://www.chromestatus.com/features/4642138092470272 for more details.
Source: https://www.youtube.com/yts/jsbin/desktop_polymer-vfljrzdMr/desktop_polymer.js
Line: 23
-----------------------
Level: Warn
Message: chrome.loadTimes() is deprecated, instead use standardized API: nextHopProtocol in Navigation Timing 2. https://www.chromestatus.com/features/5637885046816768.
Source: https://www.youtube.com/yts/jsbin/network-vfl3EpVxj/network.js
Line: 15
-----------------------
Level: Warn
Message: HTML Imports is deprecated and will be removed in M73, around March 2019. Please use ES modules instead. See https://www.chromestatus.com/features/5144752345317376 for more details.
Source: 
Line: 0
-----------------------
Level: Error
Message: Refused to display 'https://accounts.google.com/ServiceLogin?service=youtube&continue=https%3A%2F%2Fwww.youtube.com%2Fsignin%3Ffeature%3Dpassive%26hl%3Den%26action_handle_signin%3Dtrue%26next%3D%252Fsignin_passive%26app%3Ddesktop&uilel=3&hl=en&passive=true' in a frame because it set 'X-Frame-Options' to 'deny'.
Source: https://www.youtube.com/
Line: 0
-----------------------
Level: Warn
Message: document.registerElement is deprecated and will be removed in M73, around March 2019. Please use window.customElements.define instead. See https://www.chromestatus.com/features/4642138092470272 for more details.
Source: https://www.youtube.com/yts/jsbin/desktop_polymer-vfljrzdMr/desktop_polymer.js
Line: 23
-----------------------
Level: Warn
Message: chrome.loadTimes() is deprecated, instead use standardized API: nextHopProtocol in Navigation Timing 2. https://www.chromestatus.com/features/5637885046816768.
Source: https://www.youtube.com/yts/jsbin/network-vfl3EpVxj/network.js
Line: 15
-----------------------
Level: Warn
Message: <link rel=preload> must have a valid `as` value
Source: https://www.youtube.com/yts/jsbin/desktop_polymer-vfljrzdMr/desktop_polymer.js
Line: 1904
-----------------------
